<?xml version="1.0" encoding="UTF-8"?>
<!-- Generated by org.testng.reporters.JUnitReportReporter -->
<testsuite hostname="LAPTOP-P6007R0S" failures="0" tests="1" name="Test1" time="0.008" errors="0" timestamp="2021-11-30T11:37:16 IST" skipped="0">
  <testcase classname="Test1" name="m1" time="0.008"/>
  <system-out/>
</testsuite> <!-- Test1 -->
