<?xml version="1.0" encoding="UTF-8"?>
<!-- Generated by org.testng.reporters.JUnitReportReporter -->
<testsuite hostname="LAPTOP-P6007R0S" failures="0" tests="5" name="Priority" time="0.016" errors="0" timestamp="2021-11-30T11:46:45 IST" skipped="0">
  <testcase classname="Priority" name="third" time="0.010"/>
  <system-out/>
  <testcase classname="Priority" name="forth" time="0.002"/>
  <system-out/>
  <testcase classname="Priority" name="first" time="0.001"/>
  <system-out/>
  <testcase classname="Priority" name="fifth" time="0.001"/>
  <system-out/>
  <testcase classname="Priority" name="second" time="0.002"/>
  <system-out/>
</testsuite> <!-- Priority -->
