<?xml version="1.0" encoding="UTF-8"?>
<!-- Generated by org.testng.reporters.JUnitReportReporter -->
<testsuite hostname="LAPTOP-P6007R0S" failures="0" tests="2" name="DependonMethods" time="0.010" errors="0" timestamp="2021-11-24T16:43:33 IST" skipped="0">
  <testcase classname="DependonMethods" name="first" time="0.001"/>
  <system-out/>
  <testcase classname="DependonMethods" name="second" time="0.009"/>
  <system-out/>
</testsuite> <!-- DependonMethods -->
