<?xml version="1.0" encoding="UTF-8"?>
<!-- Generated by org.testng.reporters.JUnitReportReporter -->
<testsuite hostname="LAPTOP-P6007R0S" failures="0" tests="3" name="Grouping" time="0.008" errors="0" timestamp="2021-11-24T17:19:43 IST" skipped="0">
  <testcase classname="Grouping" name="test3" time="0.001"/>
  <system-out/>
  <testcase classname="Grouping" name="test2" time="0.001"/>
  <system-out/>
  <testcase classname="Grouping" name="test1" time="0.006"/>
  <system-out/>
</testsuite> <!-- Grouping -->
