<?xml version="1.0" encoding="UTF-8"?>
<!-- Generated by org.testng.reporters.JUnitReportReporter -->
<testsuite hostname="LAPTOP-P6007R0S" failures="0" tests="2" name="TestNG_Annotations" time="0.006" errors="0" timestamp="2021-11-24T18:01:18 IST" skipped="0">
  <testcase classname="TestNG_Annotations" name="Sample1" time="0.004"/>
  <system-out/>
  <testcase classname="TestNG_Annotations" name="Sample2" time="0.002"/>
  <system-out/>
</testsuite> <!-- TestNG_Annotations -->
