<?xml version="1.0" encoding="UTF-8"?>
<!-- Generated by org.testng.reporters.JUnitReportReporter -->
<testsuite hostname="LAPTOP-P6007R0S" failures="0" tests="1" name="functionality.Test1" time="131.109" errors="0" timestamp="2021-11-27T14:40:19 IST" skipped="0">
  <testcase classname="functionality.Test1" name="m1" time="131.109"/>
  <system-out/>
</testsuite> <!-- functionality.Test1 -->
